Build started 04/17/2020 3:46:52 PM.
     1>Project "C:\Users\Van Quang\Desktop\FlappyBirdv1\FlappyBirdv1\FlappyBirdv1.vcxproj" on node 2 (Build target(s)).
     1>ClCompile:
         C:\Program Files (x86)\Microsoft Visual Studio 11.0\VC\bin\CL.exe /c /ZI /nologo /W3 /WX- /sdl /Od /Oy- /D WIN32 /D _DEBUG /D _CONSOLE /D _UNICODE /D UNICODE /Gm /EHsc /RTC1 /MDd /GS /fp:precise /Zc:wchar_t /Zc:forScope /Yu"stdafx.h" /Fp"Debug\FlappyBirdv1.pch" /Fo"Debug\\" /Fd"Debug\vc110.pdb" /Gd /TP /analyze- /errorReport:prompt main.cpp
         main.cpp
     1>c:\users\van quang\desktop\flappybirdv1\flappybirdv1\initfunction.h(78): warning C4305: 'initializing' : truncation from 'double' to 'const float'
     1>c:\users\van quang\desktop\flappybirdv1\flappybirdv1\initfunction.h(106): warning C4091: 'typedef ' : ignored on left of 'Input' when no variable is declared
     1>c:\users\van quang\desktop\flappybirdv1\flappybirdv1\birdsobject.h(26): warning C4244: '=' : conversion from 'const int' to 'float', possible loss of data
       Link:
         C:\Program Files (x86)\Microsoft Visual Studio 11.0\VC\bin\link.exe /ERRORREPORT:PROMPT /OUT:"C:\Users\Van Quang\Desktop\FlappyBirdv1\Debug\FlappyBirdv1.exe" /INCREMENTAL /NOLOGO SDL2.lib SDL2main.lib SDL2_image.lib SDL2_mixer.lib SDL2_ttf.lib kernel32.lib user32.lib gdi32.lib winspool.lib comdlg32.lib advapi32.lib shell32.lib ole32.lib oleaut32.lib uuid.lib odbc32.lib odbccp32.lib /MANIFEST /MANIFESTUAC:"level='asInvoker' uiAccess='false'" /manifest:embed /DEBUG /PDB:"C:\Users\Van Quang\Desktop\FlappyBirdv1\Debug\FlappyBirdv1.pdb" /SUBSYSTEM:CONSOLE /TLBID:1 /DYNAMICBASE /NXCOMPAT /IMPLIB:"C:\Users\Van Quang\Desktop\FlappyBirdv1\Debug\FlappyBirdv1.lib" /MACHINE:X86 Debug\BirdsObject.obj
         Debug\GameBase.obj
         Debug\ImpTimer.obj
         Debug\InitFunction.obj
         Debug\main.obj
         Debug\MenuGame.obj
         Debug\stdafx.obj
         Debug\TextObject.obj
         Debug\ThreatsObject.obj
         FlappyBirdv1.vcxproj -> C:\Users\Van Quang\Desktop\FlappyBirdv1\Debug\FlappyBirdv1.exe
     1>Done Building Project "C:\Users\Van Quang\Desktop\FlappyBirdv1\FlappyBirdv1\FlappyBirdv1.vcxproj" (Build target(s)).

Build succeeded.

Time Elapsed 00:00:01.75
