C:\USERS\VAN QUANG\DESKTOP\FLAPPYBIRDV1\FLAPPYBIRDV1\DEBUG\FLAPPYBIRDV1.PCH
C:\USERS\VAN QUANG\DESKTOP\FLAPPYBIRDV1\FLAPPYBIRDV1\DEBUG\STDAFX.OBJ
C:\USERS\VAN QUANG\DESKTOP\FLAPPYBIRDV1\FLAPPYBIRDV1\DEBUG\VC110.PDB
C:\USERS\VAN QUANG\DESKTOP\FLAPPYBIRDV1\FLAPPYBIRDV1\DEBUG\BIRDSOBJECT.OBJ
C:\USERS\VAN QUANG\DESKTOP\FLAPPYBIRDV1\FLAPPYBIRDV1\DEBUG\GAMEBASE.OBJ
C:\USERS\VAN QUANG\DESKTOP\FLAPPYBIRDV1\FLAPPYBIRDV1\DEBUG\IMPTIMER.OBJ
C:\USERS\VAN QUANG\DESKTOP\FLAPPYBIRDV1\FLAPPYBIRDV1\DEBUG\INITFUNCTION.OBJ
C:\USERS\VAN QUANG\DESKTOP\FLAPPYBIRDV1\FLAPPYBIRDV1\DEBUG\MAIN.OBJ
C:\USERS\VAN QUANG\DESKTOP\FLAPPYBIRDV1\FLAPPYBIRDV1\DEBUG\MENUGAME.OBJ
C:\USERS\VAN QUANG\DESKTOP\FLAPPYBIRDV1\FLAPPYBIRDV1\DEBUG\TEXTOBJECT.OBJ
C:\USERS\VAN QUANG\DESKTOP\FLAPPYBIRDV1\FLAPPYBIRDV1\DEBUG\THREATSOBJECT.OBJ
C:\USERS\VAN QUANG\DESKTOP\FLAPPYBIRDV1\DEBUG\FLAPPYBIRDV1.ILK
C:\USERS\VAN QUANG\DESKTOP\FLAPPYBIRDV1\DEBUG\FLAPPYBIRDV1.EXE
C:\USERS\VAN QUANG\DESKTOP\FLAPPYBIRDV1\DEBUG\FLAPPYBIRDV1.PDB
C:\Users\Van Quang\Desktop\FlappyBirdv1\FlappyBirdv1\Debug\BirdsObject.obj
C:\Users\Van Quang\Desktop\FlappyBirdv1\FlappyBirdv1\Debug\GameBase.obj
C:\Users\Van Quang\Desktop\FlappyBirdv1\FlappyBirdv1\Debug\ImpTimer.obj
C:\Users\Van Quang\Desktop\FlappyBirdv1\FlappyBirdv1\Debug\InitFunction.obj
C:\Users\Van Quang\Desktop\FlappyBirdv1\FlappyBirdv1\Debug\main.obj
C:\Users\Van Quang\Desktop\FlappyBirdv1\FlappyBirdv1\Debug\MenuGame.obj
C:\Users\Van Quang\Desktop\FlappyBirdv1\FlappyBirdv1\Debug\stdafx.obj
C:\Users\Van Quang\Desktop\FlappyBirdv1\FlappyBirdv1\Debug\TextObject.obj
C:\Users\Van Quang\Desktop\FlappyBirdv1\FlappyBirdv1\Debug\ThreatsObject.obj
C:\Users\Van Quang\Desktop\FlappyBirdv1\FlappyBirdv1\Debug\cl.command.1.tlog
C:\Users\Van Quang\Desktop\FlappyBirdv1\FlappyBirdv1\Debug\CL.read.1.tlog
C:\Users\Van Quang\Desktop\FlappyBirdv1\FlappyBirdv1\Debug\CL.write.1.tlog
C:\Users\Van Quang\Desktop\FlappyBirdv1\FlappyBirdv1\Debug\link-cvtres.read.1.tlog
C:\Users\Van Quang\Desktop\FlappyBirdv1\FlappyBirdv1\Debug\link-cvtres.write.1.tlog
C:\Users\Van Quang\Desktop\FlappyBirdv1\FlappyBirdv1\Debug\link-rc.read.1.tlog
C:\Users\Van Quang\Desktop\FlappyBirdv1\FlappyBirdv1\Debug\link-rc.write.1.tlog
C:\Users\Van Quang\Desktop\FlappyBirdv1\FlappyBirdv1\Debug\link.command.1.tlog
C:\Users\Van Quang\Desktop\FlappyBirdv1\FlappyBirdv1\Debug\link.read.1.tlog
C:\Users\Van Quang\Desktop\FlappyBirdv1\FlappyBirdv1\Debug\link.write.1.tlog
C:\Users\Van Quang\Desktop\FlappyBirdv1\FlappyBirdv1\Debug\FlappyBirdv1.pch
C:\Users\Van Quang\Desktop\FlappyBirdv1\FlappyBirdv1\Debug\vc110.idb
C:\Users\Van Quang\Desktop\FlappyBirdv1\FlappyBirdv1\Debug\vc110.pdb
C:\Users\Van Quang\Desktop\FlappyBirdv1\Debug\FlappyBirdv1.pdb
C:\Users\Van Quang\Desktop\FlappyBirdv1\Debug\FlappyBirdv1.exe
C:\Users\Van Quang\Desktop\FlappyBirdv1\Debug\FlappyBirdv1.ilk
